<?xml version="1.0" encoding="UTF-8"?>
<testng-results ignored="0" total="3" passed="2" failed="1" skipped="0">
  <reporter-output>
  </reporter-output>
  <suite started-at="2020-09-08T13:27:30 IST" name="Default suite" finished-at="2020-09-08T13:28:33 IST" duration-ms="62923">
    <groups>
    </groups>
    <test started-at="2020-09-08T13:27:30 IST" name="Default test" finished-at="2020-09-08T13:28:33 IST" duration-ms="62923">
      <class name="autoLab.DataProvide">
        <test-method signature="login(java.lang.String, java.lang.String)[pri:0, instance:autoLab.DataProvide@4313f5bc]" started-at="2020-09-08T13:27:31 IST" name="login" data-provider="creddata" finished-at="2020-09-08T13:27:57 IST" duration-ms="26282" status="PASS">
          <params>
            <param index="0">
              <value>
                <![CDATA[anush505@gmail.com]]>
              </value>
            </param>
            <param index="1">
              <value>
                <![CDATA[@anush505]]>
              </value>
            </param>
          </params>
          <reporter-output>
          </reporter-output>
        </test-method> <!-- login -->
        <test-method is-config="true" signature="tearDown()[pri:0, instance:autoLab.DataProvide@4313f5bc]" started-at="2020-09-08T13:27:57 IST" name="tearDown" finished-at="2020-09-08T13:27:57 IST" duration-ms="626" status="PASS">
          <reporter-output>
          </reporter-output>
        </test-method> <!-- tearDown -->
        <test-method signature="login(java.lang.String, java.lang.String)[pri:0, instance:autoLab.DataProvide@4313f5bc]" started-at="2020-09-08T13:27:57 IST" name="login" data-provider="creddata" finished-at="2020-09-08T13:28:07 IST" duration-ms="9809" status="FAIL">
          <params>
            <param index="0">
              <value>
                <![CDATA[anush505@gmail.com]]>
              </value>
            </param>
            <param index="1">
              <value>
                <![CDATA[@sai1234$]]>
              </value>
            </param>
          </params>
          <exception class="java.lang.AssertionError">
            <message>
              <![CDATA[unable to login expected [true] but found [false]]]>
            </message>
            <full-stacktrace>
              <![CDATA[java.lang.AssertionError: unable to login expected [true] but found [false]
at org.testng.Assert.fail(Assert.java:97)
at org.testng.Assert.failNotEquals(Assert.java:968)
at org.testng.Assert.assertTrue(Assert.java:43)
at autoLab.DataProvide.login(DataProvide.java:27)
at java.base/jdk.internal.reflect.NativeMethodAccessorImpl.invoke0(Native Method)
at java.base/jdk.internal.reflect.NativeMethodAccessorImpl.invoke(NativeMethodAccessorImpl.java:62)
at java.base/jdk.internal.reflect.DelegatingMethodAccessorImpl.invoke(DelegatingMethodAccessorImpl.java:43)
at java.base/java.lang.reflect.Method.invoke(Method.java:564)
at org.testng.internal.MethodInvocationHelper.invokeMethod(MethodInvocationHelper.java:135)
at org.testng.internal.TestInvoker.invokeMethod(TestInvoker.java:598)
at org.testng.internal.TestInvoker.invokeTestMethod(TestInvoker.java:174)
at org.testng.internal.MethodRunner.runInSequence(MethodRunner.java:46)
at org.testng.internal.TestInvoker$MethodInvocationAgent.invoke(TestInvoker.java:821)
at org.testng.internal.TestInvoker.invokeTestMethods(TestInvoker.java:147)
at org.testng.internal.TestMethodWorker.invokeTestMethods(TestMethodWorker.java:146)
at org.testng.internal.TestMethodWorker.run(TestMethodWorker.java:128)
at java.base/java.util.ArrayList.forEach(ArrayList.java:1510)
at org.testng.TestRunner.privateRun(TestRunner.java:767)
at org.testng.TestRunner.run(TestRunner.java:588)
at org.testng.SuiteRunner.runTest(SuiteRunner.java:384)
at org.testng.SuiteRunner.runSequentially(SuiteRunner.java:378)
at org.testng.SuiteRunner.privateRun(SuiteRunner.java:337)
at org.testng.SuiteRunner.run(SuiteRunner.java:286)
at org.testng.SuiteRunnerWorker.runSuite(SuiteRunnerWorker.java:53)
at org.testng.SuiteRunnerWorker.run(SuiteRunnerWorker.java:96)
at org.testng.TestNG.runSuitesSequentially(TestNG.java:1214)
at org.testng.TestNG.runSuitesLocally(TestNG.java:1136)
at org.testng.TestNG.runSuites(TestNG.java:1066)
at org.testng.TestNG.run(TestNG.java:1034)
at org.testng.remote.AbstractRemoteTestNG.run(AbstractRemoteTestNG.java:115)
at org.testng.remote.RemoteTestNG.initAndRun(RemoteTestNG.java:251)
at org.testng.remote.RemoteTestNG.main(RemoteTestNG.java:77)
]]>
            </full-stacktrace>
          </exception> <!-- java.lang.AssertionError -->
          <reporter-output>
          </reporter-output>
        </test-method> <!-- login -->
        <test-method is-config="true" signature="tearDown()[pri:0, instance:autoLab.DataProvide@4313f5bc]" started-at="2020-09-08T13:28:07 IST" name="tearDown" finished-at="2020-09-08T13:28:08 IST" duration-ms="635" status="PASS">
          <reporter-output>
          </reporter-output>
        </test-method> <!-- tearDown -->
        <test-method signature="login(java.lang.String, java.lang.String)[pri:0, instance:autoLab.DataProvide@4313f5bc]" started-at="2020-09-08T13:28:08 IST" name="login" data-provider="creddata" finished-at="2020-09-08T13:28:33 IST" duration-ms="24898" status="PASS">
          <params>
            <param index="0">
              <value>
                <![CDATA[anush505@gmail.com]]>
              </value>
            </param>
            <param index="1">
              <value>
                <![CDATA[@sai123$]]>
              </value>
            </param>
          </params>
          <reporter-output>
          </reporter-output>
        </test-method> <!-- login -->
        <test-method is-config="true" signature="tearDown()[pri:0, instance:autoLab.DataProvide@4313f5bc]" started-at="2020-09-08T13:28:33 IST" name="tearDown" finished-at="2020-09-08T13:28:33 IST" duration-ms="619" status="PASS">
          <reporter-output>
          </reporter-output>
        </test-method> <!-- tearDown -->
      </class> <!-- autoLab.DataProvide -->
    </test> <!-- Default test -->
  </suite> <!-- Default suite -->
</testng-results>
